2018-10-14 04:50:45 INFO  MailController:30 - To:
2018-10-14 04:50:45 INFO  MailController:33 - maxi.ruiz1404@gmail.com
2018-10-14 04:50:45 INFO  MailController:48 - Subject: Hola mundo
2018-10-14 04:50:45 INFO  MailController:49 - From: com.sendgrid.Email@1a4a8c07
2018-10-14 04:50:45 INFO  MailController:50 - Content: 
2018-10-14 04:50:45 INFO  MailController:51 - com.sendgrid.Content@18b1a0d3
2018-10-14 04:50:47 INFO  MailController:65 - 202
2018-10-14 21:21:08 INFO  MailController:33 - To:
2018-10-14 21:21:08 INFO  MailController:36 - sebaze@gmail.com
2018-10-14 21:21:08 INFO  MailController:51 - Subject: Hola mundo
2018-10-14 21:21:08 INFO  MailController:52 - From: com.sendgrid.Email@4feb4aef
2018-10-14 21:21:08 INFO  MailController:53 - Content: 
2018-10-14 21:21:08 INFO  MailController:54 - Muchacha ojos de papel  AdoSueña un sueño espacito entre mi
2018-10-14 21:21:09 INFO  MailController:68 - 202
2018-10-14 22:23:25 DEBUG MailController:34 - frpom: com.sendgrid.Email@9baffa0
2018-10-14 22:23:25 INFO  MailController:39 - To:
2018-10-14 22:23:25 INFO  MailController:42 - sebaze@gmail.com
2018-10-14 22:23:25 INFO  MailController:57 - Subject: Hola mundo
2018-10-14 22:23:25 INFO  MailController:58 - From: com.sendgrid.Email@9baffa0
2018-10-14 22:23:25 INFO  MailController:59 - Content: 
2018-10-14 22:23:25 INFO  MailController:60 - Muchacha ojos de papel  AdoSueña un sueño espacito entre mi
2018-10-15 12:03:20 DEBUG MailController:34 - frpom: com.sendgrid.Email@30f9dc1d
2018-10-15 12:03:20 INFO  MailController:39 - To:
2018-10-15 12:03:20 INFO  MailController:42 - sebaze@gmail.com
2018-10-15 12:03:20 INFO  MailController:57 - Subject: Hola mundo
2018-10-15 12:03:20 INFO  MailController:58 - From: com.sendgrid.Email@30f9dc1d
2018-10-15 12:03:20 INFO  MailController:59 - Content: 
2018-10-15 12:03:20 INFO  MailController:60 - Muchacha ojos de papel  AdoSueña un sueño espacito entre mi
2018-10-15 12:03:21 INFO  MailController:74 - 202
2018-10-15 12:11:30 DEBUG MailController:34 - frpom: com.sendgrid.Email@22c8e635
2018-10-15 12:11:30 INFO  MailController:39 - To:
2018-10-15 12:11:30 INFO  MailController:42 - com.sendgrid.Email@7ffcdf77
2018-10-15 12:11:30 INFO  MailController:57 - Subject: Hola mundo
2018-10-15 12:11:30 INFO  MailController:58 - From: com.sendgrid.Email@22c8e635
2018-10-15 12:11:30 INFO  MailController:59 - Content: 
2018-10-15 12:11:30 INFO  MailController:60 - Muchacha ojos de papel  AdoSueña un sueño espacito entre mi
2018-10-15 12:11:32 INFO  MailController:74 - 202
2018-10-15 12:15:53 DEBUG MailController:38 - frpom: com.sendgrid.Email@1de9125c
2018-10-15 12:15:53 INFO  MailController:43 - To:
2018-10-15 12:15:53 INFO  MailController:46 - com.sendgrid.Email@7fa40e53
2018-10-15 12:15:53 INFO  MailController:61 - Subject: Hola mundo
2018-10-15 12:15:53 INFO  MailController:62 - From: com.sendgrid.Email@1de9125c
2018-10-15 12:15:53 INFO  MailController:63 - Content: 
2018-10-15 12:15:53 INFO  MailController:64 - Muchacha ojos de papel  AdoSueña un sueño espacito entre mi
2018-10-15 12:15:54 INFO  MailController:78 - 202
2018-10-15 12:19:14 DEBUG MailController:38 - frpom: com.sendgrid.Email@6301f583
2018-10-15 12:19:14 INFO  MailController:43 - To:
2018-10-15 12:19:14 INFO  MailController:46 - com.sendgrid.Email@68032654
2018-10-15 12:19:14 INFO  MailController:61 - Subject: null
2018-10-15 12:19:14 INFO  MailController:62 - From: com.sendgrid.Email@6301f583
2018-10-15 12:19:14 INFO  MailController:63 - Content: 
2018-10-15 12:19:14 INFO  MailController:64 - Muchacha ojos de papel  AdoSueña un sueño espacito entre mi
2018-10-15 12:21:31 DEBUG MailController:38 - frpom: com.sendgrid.Email@227c435c
2018-10-15 12:21:31 INFO  MailController:43 - To:
2018-10-15 12:21:31 INFO  MailController:46 - com.sendgrid.Email@7513638
2018-10-15 12:21:31 INFO  MailController:61 - Subject: Hola mundo
2018-10-15 12:21:31 INFO  MailController:62 - From: com.sendgrid.Email@227c435c
2018-10-15 12:21:31 INFO  MailController:63 - Content: 
2018-10-15 12:21:31 INFO  MailController:64 - Muchacha ojos de papel  AdoSueña un sueño espacito entre mi
2018-10-15 12:21:32 INFO  MailController:78 - 202
2018-10-15 12:24:43 DEBUG MailController:42 - frpom: com.sendgrid.Email@6c784718
2018-10-15 12:24:43 INFO  MailController:47 - To:
2018-10-15 12:24:43 INFO  MailController:50 - com.sendgrid.Email@4246473a
2018-10-15 12:24:43 INFO  MailController:65 - Subject: Hola mundo
2018-10-15 12:24:43 INFO  MailController:66 - From: com.sendgrid.Email@6c784718
2018-10-15 12:24:43 INFO  MailController:67 - Content: 
2018-10-15 12:24:43 INFO  MailController:68 - Muchacha ojos de papel  AdoSueña un sueño espacito entre mi
2018-10-15 12:24:44 INFO  MailController:82 - 202
2018-10-15 12:25:35 DEBUG MailController:42 - frpom: com.sendgrid.Email@46b41e64
2018-10-15 12:25:35 INFO  MailController:47 - To:
2018-10-15 12:25:35 INFO  MailController:50 - com.sendgrid.Email@3b698d6
2018-10-15 12:25:35 INFO  MailController:65 - Subject: Hola mundo
2018-10-15 12:25:35 INFO  MailController:66 - From: com.sendgrid.Email@46b41e64
2018-10-15 12:25:35 INFO  MailController:67 - Content: 
2018-10-15 12:25:35 INFO  MailController:68 - Muchacha ojos de papel 
  AdoSueña un sueño espacito entre mi
2018-10-15 12:25:35 INFO  MailController:82 - 202
2018-10-15 12:26:27 DEBUG MailController:42 - frpom: com.sendgrid.Email@6e6e8cc2
2018-10-15 12:26:27 INFO  MailController:47 - To:
2018-10-15 12:26:27 INFO  MailController:50 - com.sendgrid.Email@2b6c1f6b
2018-10-15 12:26:27 INFO  MailController:65 - Subject: Hola mundo
2018-10-15 12:26:27 INFO  MailController:66 - From: com.sendgrid.Email@6e6e8cc2
2018-10-15 12:26:27 INFO  MailController:67 - Content: 
2018-10-15 12:26:27 INFO  MailController:68 - Muchacha ojos de papel 
  AdoSueña un sueño espacito entre mi Muchacha ojos de papel 
  AdoSueña un sueño espacito entre mi Muchacha ojos de papel 
  AdoSueña un sueño espacito entre mi Muchacha ojos de papel 
  AdoSueña un sueño espacito entre mi Muchacha ojos de papel 
  AdoSueña un sueño espacito entre mi Muchacha ojos de papel 
  AdoSueña un sueño espacito entre mi Muchacha ojos de papel 
  AdoSueña un sueño espacito entre mi Muchacha ojos de papel 
  AdoSueña un sueño espacito entre mi Muchacha ojos de papel 
  AdoSueña un sueño espacito entre mi Muchacha ojos de papel 
  AdoSueña un sueño espacito entre mi Muchacha ojos de papel 
  AdoSueña un sueño espacito entre mi Muchacha ojos de papel 
  AdoSueña un sueño espacito entre mi Muchacha ojos de papel 
  AdoSueña un sueño espacito entre mi Muchacha ojos de papel 
  AdoSueña un sueño espacito entre mi Muchacha ojos de papel 
  AdoSueña un sueño espacito entre mi Muchacha ojos de papel 
  AdoSueña un sueño espacito entre mi 
2018-10-15 12:26:28 INFO  MailController:82 - 202
2018-10-15 12:30:46 DEBUG MailController:42 - frpom: com.sendgrid.Email@2564b8d9
2018-10-15 12:30:46 INFO  MailController:47 - To:
2018-10-15 12:30:46 INFO  MailController:50 - com.sendgrid.Email@60662211
2018-10-15 12:30:46 INFO  MailController:65 - Subject: null
2018-10-15 12:30:46 INFO  MailController:66 - From: com.sendgrid.Email@2564b8d9
2018-10-15 12:30:46 INFO  MailController:67 - Content: 
2018-10-15 12:30:46 INFO  MailController:68 - Muchacha ojos de papel 
  AdoSueña un sueño espacito entre mi Muchacha ojos de papel 
  AdoSueña un sueño espacito entre mi Muchacha ojos de papel 
  AdoSueña un sueño espacito entre mi Muchacha ojos de papel 
  AdoSueña un sueño espacito entre mi Muchacha ojos de papel 
  AdoSueña un sueño espacito entre mi Muchacha ojos de papel 
  AdoSueña un sueño espacito entre mi Muchacha ojos de papel 
  AdoSueña un sueño espacito entre mi Muchacha ojos de papel 
  AdoSueña un sueño espacito entre mi Muchacha ojos de papel 
  AdoSueña un sueño espacito entre mi Muchacha ojos de papel 
  AdoSueña un sueño espacito entre mi Muchacha ojos de papel 
  AdoSueña un sueño espacito entre mi Muchacha ojos de papel 
  AdoSueña un sueño espacito entre mi Muchacha ojos de papel 
  AdoSueña un sueño espacito entre mi Muchacha ojos de papel 
  AdoSueña un sueño espacito entre mi Muchacha ojos de papel 
  AdoSueña un sueño espacito entre mi Muchacha ojos de papel 
  AdoSueña un sueño espacito entre mi 
2018-10-15 12:45:00 DEBUG MailController:42 - frpom: com.sendgrid.Email@467e4e25
2018-10-15 12:45:00 INFO  MailController:47 - To:
2018-10-15 12:45:00 INFO  MailController:50 - com.sendgrid.Email@37cd88e
2018-10-15 12:45:00 INFO  MailController:65 - Subject: Hola mundo
2018-10-15 12:45:00 INFO  MailController:66 - From: com.sendgrid.Email@467e4e25
2018-10-15 12:45:00 INFO  MailController:67 - Content: 
2018-10-15 12:45:00 INFO  MailController:68 - Muchacha ojos de papel 
  AdoSueña un sueño espacito entre mi Muchacha ojos de papel 
  AdoSueña un sueño espacito entre mi Muchacha ojos de papel 
  AdoSueña un sueño espacito entre mi Muchacha ojos de papel 
  AdoSueña un sueño espacito entre mi Muchacha ojos de papel 
  AdoSueña un sueño espacito entre mi Muchacha ojos de papel 
  AdoSueña un sueño espacito entre mi Muchacha ojos de papel 
  AdoSueña un sueño espacito entre mi Muchacha ojos de papel 
  AdoSueña un sueño espacito entre mi Muchacha ojos de papel 
  AdoSueña un sueño espacito entre mi Muchacha ojos de papel 
  AdoSueña un sueño espacito entre mi Muchacha ojos de papel 
  AdoSueña un sueño espacito entre mi Muchacha ojos de papel 
  AdoSueña un sueño espacito entre mi Muchacha ojos de papel 
  AdoSueña un sueño espacito entre mi Muchacha ojos de papel 
  AdoSueña un sueño espacito entre mi Muchacha ojos de papel 
  AdoSueña un sueño espacito entre mi Muchacha ojos de papel 
  AdoSueña un sueño espacito entre mi 
2018-10-15 12:45:01 INFO  MailController:82 - 202
2018-10-15 13:32:17 DEBUG MailController:46 - frpom: com.sendgrid.Email@30e609fe
2018-10-15 13:32:17 INFO  MailController:51 - To:
2018-10-15 13:32:17 INFO  MailController:71 - Subject: Hola mundo
2018-10-15 13:32:17 INFO  MailController:72 - From: com.sendgrid.Email@30e609fe
2018-10-15 13:32:17 INFO  MailController:73 - Content: 
2018-10-15 13:32:17 INFO  MailController:74 - Muchacha ojos de papeli 
2018-10-15 13:34:35 DEBUG MailController:46 - frpom: com.sendgrid.Email@198bd1fe
2018-10-15 13:34:35 INFO  MailController:51 - To:
2018-10-15 13:34:35 INFO  MailController:56 - com.sendgrid.Email@6d4aab7
2018-10-15 13:34:35 INFO  MailController:71 - Subject: Hola mundo
2018-10-15 13:34:35 INFO  MailController:72 - From: com.sendgrid.Email@198bd1fe
2018-10-15 13:34:35 INFO  MailController:73 - Content: 
2018-10-15 13:34:35 INFO  MailController:74 - Muchacha ojos de papeli 
2018-10-15 13:34:37 INFO  MailController:85 - 202
